<?xml version="1.0" encoding="UTF-8"?>
<!-- Generated by org.testng.reporters.JUnitReportReporter -->
<testsuite skipped="0" hostname="H5CG7511SFY" name="mobiletests.SanityTest" tests="5" failures="0" timestamp="29 Oct 2018 15:25:08 GMT" time="98.409" errors="0">
  <testcase name="additionTest" time="27.524" classname="mobiletests.SanityTest"/>
  <testcase name="additionTest" time="16.921" classname="mobiletests.SanityTest"/>
  <testcase name="subtractionTest" time="17.143" classname="mobiletests.SanityTest"/>
  <testcase name="multiplicationTest" time="19.915" classname="mobiletests.SanityTest"/>
  <testcase name="divisionTest" time="16.906" classname="mobiletests.SanityTest"/>
</testsuite> <!-- mobiletests.SanityTest -->
